==3552== Memcheck, a memory error detector
==3552== Copyright (C) 2002-2017, and GNU GPL'd, by Julian Seward et al.
==3552== Using Valgrind-3.13.0 and LibVEX; rerun with -h for copyright info
==3552== Command: bin/bourse -p 9999
==3552== Parent PID: 3540
==3552== 
==3552== Thread 3:
==3552== Invalid write of size 4
==3552==    at 0x10D572: trader_logout (in /home/student/vbonafede/hw5/bin/bourse)
==3552==    by 0x10B2B0: brs_client_service (in /home/student/vbonafede/hw5/bin/bourse)
==3552==    by 0x4E436DA: start_thread (pthread_create.c:463)
==3552==    by 0x517C88E: clone (clone.S:95)
==3552==  Address 0x0 is not stack'd, malloc'd or (recently) free'd
==3552== 
==3552== 
==3552== Process terminating with default action of signal 11 (SIGSEGV)
==3552==  Access not within mapped region at address 0x0
==3552==    at 0x10D572: trader_logout (in /home/student/vbonafede/hw5/bin/bourse)
==3552==    by 0x10B2B0: brs_client_service (in /home/student/vbonafede/hw5/bin/bourse)
==3552==    by 0x4E436DA: start_thread (pthread_create.c:463)
==3552==    by 0x517C88E: clone (clone.S:95)
==3552==  If you believe this happened as a result of a stack
==3552==  overflow in your program's main thread (unlikely but
==3552==  possible), you can try to increase the size of the
==3552==  main thread stack using the --main-stacksize= flag.
==3552==  The main thread stack size used in this run was 8388608.
==3552== 
==3552== FILE DESCRIPTORS: 9 open at exit.
==3552== Open AF_INET socket 6: 127.0.0.1:9999 <-> 127.0.0.1:40764
==3552==    at 0x4E4D6D7: accept (accept.c:26)
==3552==    by 0x10A5D8: main (in /home/student/vbonafede/hw5/bin/bourse)
==3552== 
==3552== Open AF_INET socket 5: 0.0.0.0:9999 <-> unbound
==3552==    at 0x517DEC7: socket (syscall-template.S:78)
==3552==    by 0x10A521: main (in /home/student/vbonafede/hw5/bin/bourse)
==3552== 
==3552== Open file descriptor 13: /dev/shm/bxf_arena_3538 (deleted)
==3552==    <inherited from parent>
==3552== 
==3552== Open file descriptor 12: /dev/shm/bxf_arena_3538 (deleted)
==3552==    <inherited from parent>
==3552== 
==3552== Open file descriptor 4:
==3552==    <inherited from parent>
==3552== 
==3552== Open file descriptor 3: /home/student/vbonafede/hw5/valgrind.out
==3552==    <inherited from parent>
==3552== 
==3552== Open file descriptor 2: /dev/pts/0
==3552==    <inherited from parent>
==3552== 
==3552== Open file descriptor 1: /dev/pts/0
==3552==    <inherited from parent>
==3552== 
==3552== Open file descriptor 0:
==3552==    <inherited from parent>
==3552== 
==3552== 
==3552== HEAP SUMMARY:
==3552==     in use at exit: 4,928 bytes in 7 blocks
==3552==   total heap usage: 8 allocs, 1 frees, 4,932 bytes allocated
==3552== 
==3552== Thread 1:
==3552== 272 bytes in 1 blocks are possibly lost in loss record 5 of 7
==3552==    at 0x4C31B25: calloc (in /usr/lib/valgrind/vgpreload_memcheck-amd64-linux.so)
==3552==    by 0x40134A6: allocate_dtv (dl-tls.c:286)
==3552==    by 0x40134A6: _dl_allocate_tls (dl-tls.c:530)
==3552==    by 0x4E44227: allocate_stack (allocatestack.c:627)
==3552==    by 0x4E44227: pthread_create@@GLIBC_2.2.5 (pthread_create.c:644)
==3552==    by 0x10DB76: exchange_init (in /home/student/vbonafede/hw5/bin/bourse)
==3552==    by 0x10A40B: main (in /home/student/vbonafede/hw5/bin/bourse)
==3552== 
==3552== 272 bytes in 1 blocks are possibly lost in loss record 6 of 7
==3552==    at 0x4C31B25: calloc (in /usr/lib/valgrind/vgpreload_memcheck-amd64-linux.so)
==3552==    by 0x40134A6: allocate_dtv (dl-tls.c:286)
==3552==    by 0x40134A6: _dl_allocate_tls (dl-tls.c:530)
==3552==    by 0x4E44227: allocate_stack (allocatestack.c:627)
==3552==    by 0x4E44227: pthread_create@@GLIBC_2.2.5 (pthread_create.c:644)
==3552==    by 0x10A623: main (in /home/student/vbonafede/hw5/bin/bourse)
==3552== 
==3552== LEAK SUMMARY:
==3552==    definitely lost: 0 bytes in 0 blocks
==3552==    indirectly lost: 0 bytes in 0 blocks
==3552==      possibly lost: 544 bytes in 2 blocks
==3552==    still reachable: 4,384 bytes in 5 blocks
==3552==         suppressed: 0 bytes in 0 blocks
==3552== Reachable blocks (those to which a pointer was found) are not shown.
==3552== To see them, rerun with: --leak-check=full --show-leak-kinds=all
==3552== 
==3552== For counts of detected and suppressed errors, rerun with: -v
==3552== ERROR SUMMARY: 3 errors from 3 contexts (suppressed: 0 from 0)
